Copyright 1986-2018 Xilinx, Inc. All Rights Reserved.
--------------------------------------------------------------------------------------------------------------------------------------------------------------------------------------
| Tool Version : Vivado v.2018.1 (win64) Build 2188600 Wed Apr  4 18:40:38 MDT 2018
| Date         : Thu Aug  9 18:16:49 2018
| Host         : DESKTOP-1OHCSLD running 64-bit major release  (build 9200)
| Command      : report_methodology -file soc_axi_lite_top_methodology_drc_routed.rpt -pb soc_axi_lite_top_methodology_drc_routed.pb -rpx soc_axi_lite_top_methodology_drc_routed.rpx
| Design       : soc_axi_lite_top
| Device       : xc7a200tfbg676-2
| Speed File   : -2
| Design State : Routed
--------------------------------------------------------------------------------------------------------------------------------------------------------------------------------------

Report Methodology

Table of Contents
-----------------
1. REPORT SUMMARY
2. REPORT DETAILS

1. REPORT SUMMARY
-----------------
            Netlist: netlist
          Floorplan: design_1
      Design limits: <entire design considered>
             Max violations: <unlimited>
             Violations found: 202
+-----------+----------+--------------------------------------------------------+------------+
| Rule      | Severity | Description                                            | Violations |
+-----------+----------+--------------------------------------------------------+------------+
| SYNTH-10  | Warning  | Wide multiplier                                        | 4          |
| TIMING-9  | Warning  | Unknown CDC Logic                                      | 1          |
| TIMING-10 | Warning  | Missing property on synchronizer                       | 1          |
| TIMING-20 | Warning  | Non-clocked latch                                      | 194        |
| XDCC-1    | Warning  | Scoped Clock constraint overwritten with the same name | 1          |
| XDCC-7    | Warning  | Scoped Clock constraint overwritten on the same source | 1          |
+-----------+----------+--------------------------------------------------------+------------+

2. REPORT DETAILS
-----------------
SYNTH-10#1 Warning
Wide multiplier  
Detected multiplier at u_cpu/exe_stage/hilo_temp2 of size 16x18, it is decomposed from a wide multipler into 4 DSP blocks.
Related violations: <none>

SYNTH-10#2 Warning
Wide multiplier  
Detected multiplier at u_cpu/exe_stage/hilo_temp2__0 of size 16x16, it is decomposed from a wide multipler into 4 DSP blocks.
Related violations: <none>

SYNTH-10#3 Warning
Wide multiplier  
Detected multiplier at u_cpu/exe_stage/hilo_temp2__1 of size 18x18, it is decomposed from a wide multipler into 4 DSP blocks.
Related violations: <none>

SYNTH-10#4 Warning
Wide multiplier  
Detected multiplier at u_cpu/exe_stage/hilo_temp2__2 of size 18x16, it is decomposed from a wide multipler into 4 DSP blocks.
Related violations: <none>

TIMING-9#1 Warning
Unknown CDC Logic  
One or more asynchronous Clock Domain Crossing has been detected between 2 clock domains through a set_false_path or a set_clock_groups or set_max_delay -datapath_only constraint but no double-registers logic synchronizer has been found on the side of the capture clock. It is recommended to run report_cdc for a complete and detailed CDC coverage. Please consider using XPM_CDC to avoid Critical severities
Related violations: <none>

TIMING-10#1 Warning
Missing property on synchronizer  
One or more logic synchronizer has been detected between 2 clock domains but the synchronizer does not have the property ASYNC_REG defined on one or both registers. It is recommended to run report_cdc for a complete and detailed CDC coverage
Related violations: <none>

TIMING-20#1 Warning
Non-clocked latch  
The latch u_cpu/exe_stage/aluout_reg[0] cannot be properly analyzed as its control pin u_cpu/exe_stage/aluout_reg[0]/G is not reached by a timing clock
Related violations: <none>

TIMING-20#2 Warning
Non-clocked latch  
The latch u_cpu/exe_stage/aluout_reg[10] cannot be properly analyzed as its control pin u_cpu/exe_stage/aluout_reg[10]/G is not reached by a timing clock
Related violations: <none>

TIMING-20#3 Warning
Non-clocked latch  
The latch u_cpu/exe_stage/aluout_reg[11] cannot be properly analyzed as its control pin u_cpu/exe_stage/aluout_reg[11]/G is not reached by a timing clock
Related violations: <none>

TIMING-20#4 Warning
Non-clocked latch  
The latch u_cpu/exe_stage/aluout_reg[12] cannot be properly analyzed as its control pin u_cpu/exe_stage/aluout_reg[12]/G is not reached by a timing clock
Related violations: <none>

TIMING-20#5 Warning
Non-clocked latch  
The latch u_cpu/exe_stage/aluout_reg[13] cannot be properly analyzed as its control pin u_cpu/exe_stage/aluout_reg[13]/G is not reached by a timing clock
Related violations: <none>

TIMING-20#6 Warning
Non-clocked latch  
The latch u_cpu/exe_stage/aluout_reg[14] cannot be properly analyzed as its control pin u_cpu/exe_stage/aluout_reg[14]/G is not reached by a timing clock
Related violations: <none>

TIMING-20#7 Warning
Non-clocked latch  
The latch u_cpu/exe_stage/aluout_reg[15] cannot be properly analyzed as its control pin u_cpu/exe_stage/aluout_reg[15]/G is not reached by a timing clock
Related violations: <none>

TIMING-20#8 Warning
Non-clocked latch  
The latch u_cpu/exe_stage/aluout_reg[16] cannot be properly analyzed as its control pin u_cpu/exe_stage/aluout_reg[16]/G is not reached by a timing clock
Related violations: <none>

TIMING-20#9 Warning
Non-clocked latch  
The latch u_cpu/exe_stage/aluout_reg[17] cannot be properly analyzed as its control pin u_cpu/exe_stage/aluout_reg[17]/G is not reached by a timing clock
Related violations: <none>

TIMING-20#10 Warning
Non-clocked latch  
The latch u_cpu/exe_stage/aluout_reg[18] cannot be properly analyzed as its control pin u_cpu/exe_stage/aluout_reg[18]/G is not reached by a timing clock
Related violations: <none>

TIMING-20#11 Warning
Non-clocked latch  
The latch u_cpu/exe_stage/aluout_reg[19] cannot be properly analyzed as its control pin u_cpu/exe_stage/aluout_reg[19]/G is not reached by a timing clock
Related violations: <none>

TIMING-20#12 Warning
Non-clocked latch  
The latch u_cpu/exe_stage/aluout_reg[1] cannot be properly analyzed as its control pin u_cpu/exe_stage/aluout_reg[1]/G is not reached by a timing clock
Related violations: <none>

TIMING-20#13 Warning
Non-clocked latch  
The latch u_cpu/exe_stage/aluout_reg[20] cannot be properly analyzed as its control pin u_cpu/exe_stage/aluout_reg[20]/G is not reached by a timing clock
Related violations: <none>

TIMING-20#14 Warning
Non-clocked latch  
The latch u_cpu/exe_stage/aluout_reg[21] cannot be properly analyzed as its control pin u_cpu/exe_stage/aluout_reg[21]/G is not reached by a timing clock
Related violations: <none>

TIMING-20#15 Warning
Non-clocked latch  
The latch u_cpu/exe_stage/aluout_reg[22] cannot be properly analyzed as its control pin u_cpu/exe_stage/aluout_reg[22]/G is not reached by a timing clock
Related violations: <none>

TIMING-20#16 Warning
Non-clocked latch  
The latch u_cpu/exe_stage/aluout_reg[23] cannot be properly analyzed as its control pin u_cpu/exe_stage/aluout_reg[23]/G is not reached by a timing clock
Related violations: <none>

TIMING-20#17 Warning
Non-clocked latch  
The latch u_cpu/exe_stage/aluout_reg[24] cannot be properly analyzed as its control pin u_cpu/exe_stage/aluout_reg[24]/G is not reached by a timing clock
Related violations: <none>

TIMING-20#18 Warning
Non-clocked latch  
The latch u_cpu/exe_stage/aluout_reg[25] cannot be properly analyzed as its control pin u_cpu/exe_stage/aluout_reg[25]/G is not reached by a timing clock
Related violations: <none>

TIMING-20#19 Warning
Non-clocked latch  
The latch u_cpu/exe_stage/aluout_reg[26] cannot be properly analyzed as its control pin u_cpu/exe_stage/aluout_reg[26]/G is not reached by a timing clock
Related violations: <none>

TIMING-20#20 Warning
Non-clocked latch  
The latch u_cpu/exe_stage/aluout_reg[27] cannot be properly analyzed as its control pin u_cpu/exe_stage/aluout_reg[27]/G is not reached by a timing clock
Related violations: <none>

TIMING-20#21 Warning
Non-clocked latch  
The latch u_cpu/exe_stage/aluout_reg[28] cannot be properly analyzed as its control pin u_cpu/exe_stage/aluout_reg[28]/G is not reached by a timing clock
Related violations: <none>

TIMING-20#22 Warning
Non-clocked latch  
The latch u_cpu/exe_stage/aluout_reg[29] cannot be properly analyzed as its control pin u_cpu/exe_stage/aluout_reg[29]/G is not reached by a timing clock
Related violations: <none>

TIMING-20#23 Warning
Non-clocked latch  
The latch u_cpu/exe_stage/aluout_reg[2] cannot be properly analyzed as its control pin u_cpu/exe_stage/aluout_reg[2]/G is not reached by a timing clock
Related violations: <none>

TIMING-20#24 Warning
Non-clocked latch  
The latch u_cpu/exe_stage/aluout_reg[30] cannot be properly analyzed as its control pin u_cpu/exe_stage/aluout_reg[30]/G is not reached by a timing clock
Related violations: <none>

TIMING-20#25 Warning
Non-clocked latch  
The latch u_cpu/exe_stage/aluout_reg[31] cannot be properly analyzed as its control pin u_cpu/exe_stage/aluout_reg[31]/G is not reached by a timing clock
Related violations: <none>

TIMING-20#26 Warning
Non-clocked latch  
The latch u_cpu/exe_stage/aluout_reg[3] cannot be properly analyzed as its control pin u_cpu/exe_stage/aluout_reg[3]/G is not reached by a timing clock
Related violations: <none>

TIMING-20#27 Warning
Non-clocked latch  
The latch u_cpu/exe_stage/aluout_reg[4] cannot be properly analyzed as its control pin u_cpu/exe_stage/aluout_reg[4]/G is not reached by a timing clock
Related violations: <none>

TIMING-20#28 Warning
Non-clocked latch  
The latch u_cpu/exe_stage/aluout_reg[5] cannot be properly analyzed as its control pin u_cpu/exe_stage/aluout_reg[5]/G is not reached by a timing clock
Related violations: <none>

TIMING-20#29 Warning
Non-clocked latch  
The latch u_cpu/exe_stage/aluout_reg[6] cannot be properly analyzed as its control pin u_cpu/exe_stage/aluout_reg[6]/G is not reached by a timing clock
Related violations: <none>

TIMING-20#30 Warning
Non-clocked latch  
The latch u_cpu/exe_stage/aluout_reg[7] cannot be properly analyzed as its control pin u_cpu/exe_stage/aluout_reg[7]/G is not reached by a timing clock
Related violations: <none>

TIMING-20#31 Warning
Non-clocked latch  
The latch u_cpu/exe_stage/aluout_reg[8] cannot be properly analyzed as its control pin u_cpu/exe_stage/aluout_reg[8]/G is not reached by a timing clock
Related violations: <none>

TIMING-20#32 Warning
Non-clocked latch  
The latch u_cpu/exe_stage/aluout_reg[9] cannot be properly analyzed as its control pin u_cpu/exe_stage/aluout_reg[9]/G is not reached by a timing clock
Related violations: <none>

TIMING-20#33 Warning
Non-clocked latch  
The latch u_cpu/exe_stage/hilo_next_reg[0] cannot be properly analyzed as its control pin u_cpu/exe_stage/hilo_next_reg[0]/G is not reached by a timing clock
Related violations: <none>

TIMING-20#34 Warning
Non-clocked latch  
The latch u_cpu/exe_stage/hilo_next_reg[10] cannot be properly analyzed as its control pin u_cpu/exe_stage/hilo_next_reg[10]/G is not reached by a timing clock
Related violations: <none>

TIMING-20#35 Warning
Non-clocked latch  
The latch u_cpu/exe_stage/hilo_next_reg[11] cannot be properly analyzed as its control pin u_cpu/exe_stage/hilo_next_reg[11]/G is not reached by a timing clock
Related violations: <none>

TIMING-20#36 Warning
Non-clocked latch  
The latch u_cpu/exe_stage/hilo_next_reg[12] cannot be properly analyzed as its control pin u_cpu/exe_stage/hilo_next_reg[12]/G is not reached by a timing clock
Related violations: <none>

TIMING-20#37 Warning
Non-clocked latch  
The latch u_cpu/exe_stage/hilo_next_reg[13] cannot be properly analyzed as its control pin u_cpu/exe_stage/hilo_next_reg[13]/G is not reached by a timing clock
Related violations: <none>

TIMING-20#38 Warning
Non-clocked latch  
The latch u_cpu/exe_stage/hilo_next_reg[14] cannot be properly analyzed as its control pin u_cpu/exe_stage/hilo_next_reg[14]/G is not reached by a timing clock
Related violations: <none>

TIMING-20#39 Warning
Non-clocked latch  
The latch u_cpu/exe_stage/hilo_next_reg[15] cannot be properly analyzed as its control pin u_cpu/exe_stage/hilo_next_reg[15]/G is not reached by a timing clock
Related violations: <none>

TIMING-20#40 Warning
Non-clocked latch  
The latch u_cpu/exe_stage/hilo_next_reg[16] cannot be properly analyzed as its control pin u_cpu/exe_stage/hilo_next_reg[16]/G is not reached by a timing clock
Related violations: <none>

TIMING-20#41 Warning
Non-clocked latch  
The latch u_cpu/exe_stage/hilo_next_reg[17] cannot be properly analyzed as its control pin u_cpu/exe_stage/hilo_next_reg[17]/G is not reached by a timing clock
Related violations: <none>

TIMING-20#42 Warning
Non-clocked latch  
The latch u_cpu/exe_stage/hilo_next_reg[18] cannot be properly analyzed as its control pin u_cpu/exe_stage/hilo_next_reg[18]/G is not reached by a timing clock
Related violations: <none>

TIMING-20#43 Warning
Non-clocked latch  
The latch u_cpu/exe_stage/hilo_next_reg[19] cannot be properly analyzed as its control pin u_cpu/exe_stage/hilo_next_reg[19]/G is not reached by a timing clock
Related violations: <none>

TIMING-20#44 Warning
Non-clocked latch  
The latch u_cpu/exe_stage/hilo_next_reg[1] cannot be properly analyzed as its control pin u_cpu/exe_stage/hilo_next_reg[1]/G is not reached by a timing clock
Related violations: <none>

TIMING-20#45 Warning
Non-clocked latch  
The latch u_cpu/exe_stage/hilo_next_reg[20] cannot be properly analyzed as its control pin u_cpu/exe_stage/hilo_next_reg[20]/G is not reached by a timing clock
Related violations: <none>

TIMING-20#46 Warning
Non-clocked latch  
The latch u_cpu/exe_stage/hilo_next_reg[21] cannot be properly analyzed as its control pin u_cpu/exe_stage/hilo_next_reg[21]/G is not reached by a timing clock
Related violations: <none>

TIMING-20#47 Warning
Non-clocked latch  
The latch u_cpu/exe_stage/hilo_next_reg[22] cannot be properly analyzed as its control pin u_cpu/exe_stage/hilo_next_reg[22]/G is not reached by a timing clock
Related violations: <none>

TIMING-20#48 Warning
Non-clocked latch  
The latch u_cpu/exe_stage/hilo_next_reg[23] cannot be properly analyzed as its control pin u_cpu/exe_stage/hilo_next_reg[23]/G is not reached by a timing clock
Related violations: <none>

TIMING-20#49 Warning
Non-clocked latch  
The latch u_cpu/exe_stage/hilo_next_reg[24] cannot be properly analyzed as its control pin u_cpu/exe_stage/hilo_next_reg[24]/G is not reached by a timing clock
Related violations: <none>

TIMING-20#50 Warning
Non-clocked latch  
The latch u_cpu/exe_stage/hilo_next_reg[25] cannot be properly analyzed as its control pin u_cpu/exe_stage/hilo_next_reg[25]/G is not reached by a timing clock
Related violations: <none>

TIMING-20#51 Warning
Non-clocked latch  
The latch u_cpu/exe_stage/hilo_next_reg[26] cannot be properly analyzed as its control pin u_cpu/exe_stage/hilo_next_reg[26]/G is not reached by a timing clock
Related violations: <none>

TIMING-20#52 Warning
Non-clocked latch  
The latch u_cpu/exe_stage/hilo_next_reg[27] cannot be properly analyzed as its control pin u_cpu/exe_stage/hilo_next_reg[27]/G is not reached by a timing clock
Related violations: <none>

TIMING-20#53 Warning
Non-clocked latch  
The latch u_cpu/exe_stage/hilo_next_reg[28] cannot be properly analyzed as its control pin u_cpu/exe_stage/hilo_next_reg[28]/G is not reached by a timing clock
Related violations: <none>

TIMING-20#54 Warning
Non-clocked latch  
The latch u_cpu/exe_stage/hilo_next_reg[29] cannot be properly analyzed as its control pin u_cpu/exe_stage/hilo_next_reg[29]/G is not reached by a timing clock
Related violations: <none>

TIMING-20#55 Warning
Non-clocked latch  
The latch u_cpu/exe_stage/hilo_next_reg[2] cannot be properly analyzed as its control pin u_cpu/exe_stage/hilo_next_reg[2]/G is not reached by a timing clock
Related violations: <none>

TIMING-20#56 Warning
Non-clocked latch  
The latch u_cpu/exe_stage/hilo_next_reg[30] cannot be properly analyzed as its control pin u_cpu/exe_stage/hilo_next_reg[30]/G is not reached by a timing clock
Related violations: <none>

TIMING-20#57 Warning
Non-clocked latch  
The latch u_cpu/exe_stage/hilo_next_reg[31] cannot be properly analyzed as its control pin u_cpu/exe_stage/hilo_next_reg[31]/G is not reached by a timing clock
Related violations: <none>

TIMING-20#58 Warning
Non-clocked latch  
The latch u_cpu/exe_stage/hilo_next_reg[32] cannot be properly analyzed as its control pin u_cpu/exe_stage/hilo_next_reg[32]/G is not reached by a timing clock
Related violations: <none>

TIMING-20#59 Warning
Non-clocked latch  
The latch u_cpu/exe_stage/hilo_next_reg[33] cannot be properly analyzed as its control pin u_cpu/exe_stage/hilo_next_reg[33]/G is not reached by a timing clock
Related violations: <none>

TIMING-20#60 Warning
Non-clocked latch  
The latch u_cpu/exe_stage/hilo_next_reg[34] cannot be properly analyzed as its control pin u_cpu/exe_stage/hilo_next_reg[34]/G is not reached by a timing clock
Related violations: <none>

TIMING-20#61 Warning
Non-clocked latch  
The latch u_cpu/exe_stage/hilo_next_reg[35] cannot be properly analyzed as its control pin u_cpu/exe_stage/hilo_next_reg[35]/G is not reached by a timing clock
Related violations: <none>

TIMING-20#62 Warning
Non-clocked latch  
The latch u_cpu/exe_stage/hilo_next_reg[36] cannot be properly analyzed as its control pin u_cpu/exe_stage/hilo_next_reg[36]/G is not reached by a timing clock
Related violations: <none>

TIMING-20#63 Warning
Non-clocked latch  
The latch u_cpu/exe_stage/hilo_next_reg[37] cannot be properly analyzed as its control pin u_cpu/exe_stage/hilo_next_reg[37]/G is not reached by a timing clock
Related violations: <none>

TIMING-20#64 Warning
Non-clocked latch  
The latch u_cpu/exe_stage/hilo_next_reg[38] cannot be properly analyzed as its control pin u_cpu/exe_stage/hilo_next_reg[38]/G is not reached by a timing clock
Related violations: <none>

TIMING-20#65 Warning
Non-clocked latch  
The latch u_cpu/exe_stage/hilo_next_reg[39] cannot be properly analyzed as its control pin u_cpu/exe_stage/hilo_next_reg[39]/G is not reached by a timing clock
Related violations: <none>

TIMING-20#66 Warning
Non-clocked latch  
The latch u_cpu/exe_stage/hilo_next_reg[3] cannot be properly analyzed as its control pin u_cpu/exe_stage/hilo_next_reg[3]/G is not reached by a timing clock
Related violations: <none>

TIMING-20#67 Warning
Non-clocked latch  
The latch u_cpu/exe_stage/hilo_next_reg[40] cannot be properly analyzed as its control pin u_cpu/exe_stage/hilo_next_reg[40]/G is not reached by a timing clock
Related violations: <none>

TIMING-20#68 Warning
Non-clocked latch  
The latch u_cpu/exe_stage/hilo_next_reg[41] cannot be properly analyzed as its control pin u_cpu/exe_stage/hilo_next_reg[41]/G is not reached by a timing clock
Related violations: <none>

TIMING-20#69 Warning
Non-clocked latch  
The latch u_cpu/exe_stage/hilo_next_reg[42] cannot be properly analyzed as its control pin u_cpu/exe_stage/hilo_next_reg[42]/G is not reached by a timing clock
Related violations: <none>

TIMING-20#70 Warning
Non-clocked latch  
The latch u_cpu/exe_stage/hilo_next_reg[43] cannot be properly analyzed as its control pin u_cpu/exe_stage/hilo_next_reg[43]/G is not reached by a timing clock
Related violations: <none>

TIMING-20#71 Warning
Non-clocked latch  
The latch u_cpu/exe_stage/hilo_next_reg[44] cannot be properly analyzed as its control pin u_cpu/exe_stage/hilo_next_reg[44]/G is not reached by a timing clock
Related violations: <none>

TIMING-20#72 Warning
Non-clocked latch  
The latch u_cpu/exe_stage/hilo_next_reg[45] cannot be properly analyzed as its control pin u_cpu/exe_stage/hilo_next_reg[45]/G is not reached by a timing clock
Related violations: <none>

TIMING-20#73 Warning
Non-clocked latch  
The latch u_cpu/exe_stage/hilo_next_reg[46] cannot be properly analyzed as its control pin u_cpu/exe_stage/hilo_next_reg[46]/G is not reached by a timing clock
Related violations: <none>

TIMING-20#74 Warning
Non-clocked latch  
The latch u_cpu/exe_stage/hilo_next_reg[47] cannot be properly analyzed as its control pin u_cpu/exe_stage/hilo_next_reg[47]/G is not reached by a timing clock
Related violations: <none>

TIMING-20#75 Warning
Non-clocked latch  
The latch u_cpu/exe_stage/hilo_next_reg[48] cannot be properly analyzed as its control pin u_cpu/exe_stage/hilo_next_reg[48]/G is not reached by a timing clock
Related violations: <none>

TIMING-20#76 Warning
Non-clocked latch  
The latch u_cpu/exe_stage/hilo_next_reg[49] cannot be properly analyzed as its control pin u_cpu/exe_stage/hilo_next_reg[49]/G is not reached by a timing clock
Related violations: <none>

TIMING-20#77 Warning
Non-clocked latch  
The latch u_cpu/exe_stage/hilo_next_reg[4] cannot be properly analyzed as its control pin u_cpu/exe_stage/hilo_next_reg[4]/G is not reached by a timing clock
Related violations: <none>

TIMING-20#78 Warning
Non-clocked latch  
The latch u_cpu/exe_stage/hilo_next_reg[50] cannot be properly analyzed as its control pin u_cpu/exe_stage/hilo_next_reg[50]/G is not reached by a timing clock
Related violations: <none>

TIMING-20#79 Warning
Non-clocked latch  
The latch u_cpu/exe_stage/hilo_next_reg[51] cannot be properly analyzed as its control pin u_cpu/exe_stage/hilo_next_reg[51]/G is not reached by a timing clock
Related violations: <none>

TIMING-20#80 Warning
Non-clocked latch  
The latch u_cpu/exe_stage/hilo_next_reg[52] cannot be properly analyzed as its control pin u_cpu/exe_stage/hilo_next_reg[52]/G is not reached by a timing clock
Related violations: <none>

TIMING-20#81 Warning
Non-clocked latch  
The latch u_cpu/exe_stage/hilo_next_reg[53] cannot be properly analyzed as its control pin u_cpu/exe_stage/hilo_next_reg[53]/G is not reached by a timing clock
Related violations: <none>

TIMING-20#82 Warning
Non-clocked latch  
The latch u_cpu/exe_stage/hilo_next_reg[54] cannot be properly analyzed as its control pin u_cpu/exe_stage/hilo_next_reg[54]/G is not reached by a timing clock
Related violations: <none>

TIMING-20#83 Warning
Non-clocked latch  
The latch u_cpu/exe_stage/hilo_next_reg[55] cannot be properly analyzed as its control pin u_cpu/exe_stage/hilo_next_reg[55]/G is not reached by a timing clock
Related violations: <none>

TIMING-20#84 Warning
Non-clocked latch  
The latch u_cpu/exe_stage/hilo_next_reg[56] cannot be properly analyzed as its control pin u_cpu/exe_stage/hilo_next_reg[56]/G is not reached by a timing clock
Related violations: <none>

TIMING-20#85 Warning
Non-clocked latch  
The latch u_cpu/exe_stage/hilo_next_reg[57] cannot be properly analyzed as its control pin u_cpu/exe_stage/hilo_next_reg[57]/G is not reached by a timing clock
Related violations: <none>

TIMING-20#86 Warning
Non-clocked latch  
The latch u_cpu/exe_stage/hilo_next_reg[58] cannot be properly analyzed as its control pin u_cpu/exe_stage/hilo_next_reg[58]/G is not reached by a timing clock
Related violations: <none>

TIMING-20#87 Warning
Non-clocked latch  
The latch u_cpu/exe_stage/hilo_next_reg[59] cannot be properly analyzed as its control pin u_cpu/exe_stage/hilo_next_reg[59]/G is not reached by a timing clock
Related violations: <none>

TIMING-20#88 Warning
Non-clocked latch  
The latch u_cpu/exe_stage/hilo_next_reg[5] cannot be properly analyzed as its control pin u_cpu/exe_stage/hilo_next_reg[5]/G is not reached by a timing clock
Related violations: <none>

TIMING-20#89 Warning
Non-clocked latch  
The latch u_cpu/exe_stage/hilo_next_reg[60] cannot be properly analyzed as its control pin u_cpu/exe_stage/hilo_next_reg[60]/G is not reached by a timing clock
Related violations: <none>

TIMING-20#90 Warning
Non-clocked latch  
The latch u_cpu/exe_stage/hilo_next_reg[61] cannot be properly analyzed as its control pin u_cpu/exe_stage/hilo_next_reg[61]/G is not reached by a timing clock
Related violations: <none>

TIMING-20#91 Warning
Non-clocked latch  
The latch u_cpu/exe_stage/hilo_next_reg[62] cannot be properly analyzed as its control pin u_cpu/exe_stage/hilo_next_reg[62]/G is not reached by a timing clock
Related violations: <none>

TIMING-20#92 Warning
Non-clocked latch  
The latch u_cpu/exe_stage/hilo_next_reg[63] cannot be properly analyzed as its control pin u_cpu/exe_stage/hilo_next_reg[63]/G is not reached by a timing clock
Related violations: <none>

TIMING-20#93 Warning
Non-clocked latch  
The latch u_cpu/exe_stage/hilo_next_reg[6] cannot be properly analyzed as its control pin u_cpu/exe_stage/hilo_next_reg[6]/G is not reached by a timing clock
Related violations: <none>

TIMING-20#94 Warning
Non-clocked latch  
The latch u_cpu/exe_stage/hilo_next_reg[7] cannot be properly analyzed as its control pin u_cpu/exe_stage/hilo_next_reg[7]/G is not reached by a timing clock
Related violations: <none>

TIMING-20#95 Warning
Non-clocked latch  
The latch u_cpu/exe_stage/hilo_next_reg[8] cannot be properly analyzed as its control pin u_cpu/exe_stage/hilo_next_reg[8]/G is not reached by a timing clock
Related violations: <none>

TIMING-20#96 Warning
Non-clocked latch  
The latch u_cpu/exe_stage/hilo_next_reg[9] cannot be properly analyzed as its control pin u_cpu/exe_stage/hilo_next_reg[9]/G is not reached by a timing clock
Related violations: <none>

TIMING-20#97 Warning
Non-clocked latch  
The latch u_cpu/hazard/newpc_reg[0] cannot be properly analyzed as its control pin u_cpu/hazard/newpc_reg[0]/G is not reached by a timing clock
Related violations: <none>

TIMING-20#98 Warning
Non-clocked latch  
The latch u_cpu/hazard/newpc_reg[10] cannot be properly analyzed as its control pin u_cpu/hazard/newpc_reg[10]/G is not reached by a timing clock
Related violations: <none>

TIMING-20#99 Warning
Non-clocked latch  
The latch u_cpu/hazard/newpc_reg[11] cannot be properly analyzed as its control pin u_cpu/hazard/newpc_reg[11]/G is not reached by a timing clock
Related violations: <none>

TIMING-20#100 Warning
Non-clocked latch  
The latch u_cpu/hazard/newpc_reg[12] cannot be properly analyzed as its control pin u_cpu/hazard/newpc_reg[12]/G is not reached by a timing clock
Related violations: <none>

TIMING-20#101 Warning
Non-clocked latch  
The latch u_cpu/hazard/newpc_reg[13] cannot be properly analyzed as its control pin u_cpu/hazard/newpc_reg[13]/G is not reached by a timing clock
Related violations: <none>

TIMING-20#102 Warning
Non-clocked latch  
The latch u_cpu/hazard/newpc_reg[14] cannot be properly analyzed as its control pin u_cpu/hazard/newpc_reg[14]/G is not reached by a timing clock
Related violations: <none>

TIMING-20#103 Warning
Non-clocked latch  
The latch u_cpu/hazard/newpc_reg[15] cannot be properly analyzed as its control pin u_cpu/hazard/newpc_reg[15]/G is not reached by a timing clock
Related violations: <none>

TIMING-20#104 Warning
Non-clocked latch  
The latch u_cpu/hazard/newpc_reg[16] cannot be properly analyzed as its control pin u_cpu/hazard/newpc_reg[16]/G is not reached by a timing clock
Related violations: <none>

TIMING-20#105 Warning
Non-clocked latch  
The latch u_cpu/hazard/newpc_reg[17] cannot be properly analyzed as its control pin u_cpu/hazard/newpc_reg[17]/G is not reached by a timing clock
Related violations: <none>

TIMING-20#106 Warning
Non-clocked latch  
The latch u_cpu/hazard/newpc_reg[18] cannot be properly analyzed as its control pin u_cpu/hazard/newpc_reg[18]/G is not reached by a timing clock
Related violations: <none>

TIMING-20#107 Warning
Non-clocked latch  
The latch u_cpu/hazard/newpc_reg[19] cannot be properly analyzed as its control pin u_cpu/hazard/newpc_reg[19]/G is not reached by a timing clock
Related violations: <none>

TIMING-20#108 Warning
Non-clocked latch  
The latch u_cpu/hazard/newpc_reg[1] cannot be properly analyzed as its control pin u_cpu/hazard/newpc_reg[1]/G is not reached by a timing clock
Related violations: <none>

TIMING-20#109 Warning
Non-clocked latch  
The latch u_cpu/hazard/newpc_reg[20] cannot be properly analyzed as its control pin u_cpu/hazard/newpc_reg[20]/G is not reached by a timing clock
Related violations: <none>

TIMING-20#110 Warning
Non-clocked latch  
The latch u_cpu/hazard/newpc_reg[21] cannot be properly analyzed as its control pin u_cpu/hazard/newpc_reg[21]/G is not reached by a timing clock
Related violations: <none>

TIMING-20#111 Warning
Non-clocked latch  
The latch u_cpu/hazard/newpc_reg[22] cannot be properly analyzed as its control pin u_cpu/hazard/newpc_reg[22]/G is not reached by a timing clock
Related violations: <none>

TIMING-20#112 Warning
Non-clocked latch  
The latch u_cpu/hazard/newpc_reg[23] cannot be properly analyzed as its control pin u_cpu/hazard/newpc_reg[23]/G is not reached by a timing clock
Related violations: <none>

TIMING-20#113 Warning
Non-clocked latch  
The latch u_cpu/hazard/newpc_reg[24] cannot be properly analyzed as its control pin u_cpu/hazard/newpc_reg[24]/G is not reached by a timing clock
Related violations: <none>

TIMING-20#114 Warning
Non-clocked latch  
The latch u_cpu/hazard/newpc_reg[25] cannot be properly analyzed as its control pin u_cpu/hazard/newpc_reg[25]/G is not reached by a timing clock
Related violations: <none>

TIMING-20#115 Warning
Non-clocked latch  
The latch u_cpu/hazard/newpc_reg[26] cannot be properly analyzed as its control pin u_cpu/hazard/newpc_reg[26]/G is not reached by a timing clock
Related violations: <none>

TIMING-20#116 Warning
Non-clocked latch  
The latch u_cpu/hazard/newpc_reg[27] cannot be properly analyzed as its control pin u_cpu/hazard/newpc_reg[27]/G is not reached by a timing clock
Related violations: <none>

TIMING-20#117 Warning
Non-clocked latch  
The latch u_cpu/hazard/newpc_reg[28] cannot be properly analyzed as its control pin u_cpu/hazard/newpc_reg[28]/G is not reached by a timing clock
Related violations: <none>

TIMING-20#118 Warning
Non-clocked latch  
The latch u_cpu/hazard/newpc_reg[29] cannot be properly analyzed as its control pin u_cpu/hazard/newpc_reg[29]/G is not reached by a timing clock
Related violations: <none>

TIMING-20#119 Warning
Non-clocked latch  
The latch u_cpu/hazard/newpc_reg[2] cannot be properly analyzed as its control pin u_cpu/hazard/newpc_reg[2]/G is not reached by a timing clock
Related violations: <none>

TIMING-20#120 Warning
Non-clocked latch  
The latch u_cpu/hazard/newpc_reg[30] cannot be properly analyzed as its control pin u_cpu/hazard/newpc_reg[30]/G is not reached by a timing clock
Related violations: <none>

TIMING-20#121 Warning
Non-clocked latch  
The latch u_cpu/hazard/newpc_reg[31] cannot be properly analyzed as its control pin u_cpu/hazard/newpc_reg[31]/G is not reached by a timing clock
Related violations: <none>

TIMING-20#122 Warning
Non-clocked latch  
The latch u_cpu/hazard/newpc_reg[3] cannot be properly analyzed as its control pin u_cpu/hazard/newpc_reg[3]/G is not reached by a timing clock
Related violations: <none>

TIMING-20#123 Warning
Non-clocked latch  
The latch u_cpu/hazard/newpc_reg[4] cannot be properly analyzed as its control pin u_cpu/hazard/newpc_reg[4]/G is not reached by a timing clock
Related violations: <none>

TIMING-20#124 Warning
Non-clocked latch  
The latch u_cpu/hazard/newpc_reg[5] cannot be properly analyzed as its control pin u_cpu/hazard/newpc_reg[5]/G is not reached by a timing clock
Related violations: <none>

TIMING-20#125 Warning
Non-clocked latch  
The latch u_cpu/hazard/newpc_reg[6] cannot be properly analyzed as its control pin u_cpu/hazard/newpc_reg[6]/G is not reached by a timing clock
Related violations: <none>

TIMING-20#126 Warning
Non-clocked latch  
The latch u_cpu/hazard/newpc_reg[7] cannot be properly analyzed as its control pin u_cpu/hazard/newpc_reg[7]/G is not reached by a timing clock
Related violations: <none>

TIMING-20#127 Warning
Non-clocked latch  
The latch u_cpu/hazard/newpc_reg[8] cannot be properly analyzed as its control pin u_cpu/hazard/newpc_reg[8]/G is not reached by a timing clock
Related violations: <none>

TIMING-20#128 Warning
Non-clocked latch  
The latch u_cpu/hazard/newpc_reg[9] cannot be properly analyzed as its control pin u_cpu/hazard/newpc_reg[9]/G is not reached by a timing clock
Related violations: <none>

TIMING-20#129 Warning
Non-clocked latch  
The latch u_cpu/mem_stage/mem_readM_reg[0] cannot be properly analyzed as its control pin u_cpu/mem_stage/mem_readM_reg[0]/G is not reached by a timing clock
Related violations: <none>

TIMING-20#130 Warning
Non-clocked latch  
The latch u_cpu/mem_stage/mem_readM_reg[10] cannot be properly analyzed as its control pin u_cpu/mem_stage/mem_readM_reg[10]/G is not reached by a timing clock
Related violations: <none>

TIMING-20#131 Warning
Non-clocked latch  
The latch u_cpu/mem_stage/mem_readM_reg[11] cannot be properly analyzed as its control pin u_cpu/mem_stage/mem_readM_reg[11]/G is not reached by a timing clock
Related violations: <none>

TIMING-20#132 Warning
Non-clocked latch  
The latch u_cpu/mem_stage/mem_readM_reg[12] cannot be properly analyzed as its control pin u_cpu/mem_stage/mem_readM_reg[12]/G is not reached by a timing clock
Related violations: <none>

TIMING-20#133 Warning
Non-clocked latch  
The latch u_cpu/mem_stage/mem_readM_reg[13] cannot be properly analyzed as its control pin u_cpu/mem_stage/mem_readM_reg[13]/G is not reached by a timing clock
Related violations: <none>

TIMING-20#134 Warning
Non-clocked latch  
The latch u_cpu/mem_stage/mem_readM_reg[14] cannot be properly analyzed as its control pin u_cpu/mem_stage/mem_readM_reg[14]/G is not reached by a timing clock
Related violations: <none>

TIMING-20#135 Warning
Non-clocked latch  
The latch u_cpu/mem_stage/mem_readM_reg[15] cannot be properly analyzed as its control pin u_cpu/mem_stage/mem_readM_reg[15]/G is not reached by a timing clock
Related violations: <none>

TIMING-20#136 Warning
Non-clocked latch  
The latch u_cpu/mem_stage/mem_readM_reg[16] cannot be properly analyzed as its control pin u_cpu/mem_stage/mem_readM_reg[16]/G is not reached by a timing clock
Related violations: <none>

TIMING-20#137 Warning
Non-clocked latch  
The latch u_cpu/mem_stage/mem_readM_reg[17] cannot be properly analyzed as its control pin u_cpu/mem_stage/mem_readM_reg[17]/G is not reached by a timing clock
Related violations: <none>

TIMING-20#138 Warning
Non-clocked latch  
The latch u_cpu/mem_stage/mem_readM_reg[18] cannot be properly analyzed as its control pin u_cpu/mem_stage/mem_readM_reg[18]/G is not reached by a timing clock
Related violations: <none>

TIMING-20#139 Warning
Non-clocked latch  
The latch u_cpu/mem_stage/mem_readM_reg[19] cannot be properly analyzed as its control pin u_cpu/mem_stage/mem_readM_reg[19]/G is not reached by a timing clock
Related violations: <none>

TIMING-20#140 Warning
Non-clocked latch  
The latch u_cpu/mem_stage/mem_readM_reg[1] cannot be properly analyzed as its control pin u_cpu/mem_stage/mem_readM_reg[1]/G is not reached by a timing clock
Related violations: <none>

TIMING-20#141 Warning
Non-clocked latch  
The latch u_cpu/mem_stage/mem_readM_reg[20] cannot be properly analyzed as its control pin u_cpu/mem_stage/mem_readM_reg[20]/G is not reached by a timing clock
Related violations: <none>

TIMING-20#142 Warning
Non-clocked latch  
The latch u_cpu/mem_stage/mem_readM_reg[21] cannot be properly analyzed as its control pin u_cpu/mem_stage/mem_readM_reg[21]/G is not reached by a timing clock
Related violations: <none>

TIMING-20#143 Warning
Non-clocked latch  
The latch u_cpu/mem_stage/mem_readM_reg[22] cannot be properly analyzed as its control pin u_cpu/mem_stage/mem_readM_reg[22]/G is not reached by a timing clock
Related violations: <none>

TIMING-20#144 Warning
Non-clocked latch  
The latch u_cpu/mem_stage/mem_readM_reg[23] cannot be properly analyzed as its control pin u_cpu/mem_stage/mem_readM_reg[23]/G is not reached by a timing clock
Related violations: <none>

TIMING-20#145 Warning
Non-clocked latch  
The latch u_cpu/mem_stage/mem_readM_reg[24] cannot be properly analyzed as its control pin u_cpu/mem_stage/mem_readM_reg[24]/G is not reached by a timing clock
Related violations: <none>

TIMING-20#146 Warning
Non-clocked latch  
The latch u_cpu/mem_stage/mem_readM_reg[25] cannot be properly analyzed as its control pin u_cpu/mem_stage/mem_readM_reg[25]/G is not reached by a timing clock
Related violations: <none>

TIMING-20#147 Warning
Non-clocked latch  
The latch u_cpu/mem_stage/mem_readM_reg[26] cannot be properly analyzed as its control pin u_cpu/mem_stage/mem_readM_reg[26]/G is not reached by a timing clock
Related violations: <none>

TIMING-20#148 Warning
Non-clocked latch  
The latch u_cpu/mem_stage/mem_readM_reg[27] cannot be properly analyzed as its control pin u_cpu/mem_stage/mem_readM_reg[27]/G is not reached by a timing clock
Related violations: <none>

TIMING-20#149 Warning
Non-clocked latch  
The latch u_cpu/mem_stage/mem_readM_reg[28] cannot be properly analyzed as its control pin u_cpu/mem_stage/mem_readM_reg[28]/G is not reached by a timing clock
Related violations: <none>

TIMING-20#150 Warning
Non-clocked latch  
The latch u_cpu/mem_stage/mem_readM_reg[29] cannot be properly analyzed as its control pin u_cpu/mem_stage/mem_readM_reg[29]/G is not reached by a timing clock
Related violations: <none>

TIMING-20#151 Warning
Non-clocked latch  
The latch u_cpu/mem_stage/mem_readM_reg[2] cannot be properly analyzed as its control pin u_cpu/mem_stage/mem_readM_reg[2]/G is not reached by a timing clock
Related violations: <none>

TIMING-20#152 Warning
Non-clocked latch  
The latch u_cpu/mem_stage/mem_readM_reg[30] cannot be properly analyzed as its control pin u_cpu/mem_stage/mem_readM_reg[30]/G is not reached by a timing clock
Related violations: <none>

TIMING-20#153 Warning
Non-clocked latch  
The latch u_cpu/mem_stage/mem_readM_reg[31] cannot be properly analyzed as its control pin u_cpu/mem_stage/mem_readM_reg[31]/G is not reached by a timing clock
Related violations: <none>

TIMING-20#154 Warning
Non-clocked latch  
The latch u_cpu/mem_stage/mem_readM_reg[3] cannot be properly analyzed as its control pin u_cpu/mem_stage/mem_readM_reg[3]/G is not reached by a timing clock
Related violations: <none>

TIMING-20#155 Warning
Non-clocked latch  
The latch u_cpu/mem_stage/mem_readM_reg[4] cannot be properly analyzed as its control pin u_cpu/mem_stage/mem_readM_reg[4]/G is not reached by a timing clock
Related violations: <none>

TIMING-20#156 Warning
Non-clocked latch  
The latch u_cpu/mem_stage/mem_readM_reg[5] cannot be properly analyzed as its control pin u_cpu/mem_stage/mem_readM_reg[5]/G is not reached by a timing clock
Related violations: <none>

TIMING-20#157 Warning
Non-clocked latch  
The latch u_cpu/mem_stage/mem_readM_reg[6] cannot be properly analyzed as its control pin u_cpu/mem_stage/mem_readM_reg[6]/G is not reached by a timing clock
Related violations: <none>

TIMING-20#158 Warning
Non-clocked latch  
The latch u_cpu/mem_stage/mem_readM_reg[7] cannot be properly analyzed as its control pin u_cpu/mem_stage/mem_readM_reg[7]/G is not reached by a timing clock
Related violations: <none>

TIMING-20#159 Warning
Non-clocked latch  
The latch u_cpu/mem_stage/mem_readM_reg[8] cannot be properly analyzed as its control pin u_cpu/mem_stage/mem_readM_reg[8]/G is not reached by a timing clock
Related violations: <none>

TIMING-20#160 Warning
Non-clocked latch  
The latch u_cpu/mem_stage/mem_readM_reg[9] cannot be properly analyzed as its control pin u_cpu/mem_stage/mem_readM_reg[9]/G is not reached by a timing clock
Related violations: <none>

TIMING-20#161 Warning
Non-clocked latch  
The latch u_cpu/mem_stage/size_reg[0] cannot be properly analyzed as its control pin u_cpu/mem_stage/size_reg[0]/G is not reached by a timing clock
Related violations: <none>

TIMING-20#162 Warning
Non-clocked latch  
The latch u_cpu/mem_stage/size_reg[1] cannot be properly analyzed as its control pin u_cpu/mem_stage/size_reg[1]/G is not reached by a timing clock
Related violations: <none>

TIMING-20#163 Warning
Non-clocked latch  
The latch u_cpu/mem_stage/writedata_reg[0] cannot be properly analyzed as its control pin u_cpu/mem_stage/writedata_reg[0]/G is not reached by a timing clock
Related violations: <none>

TIMING-20#164 Warning
Non-clocked latch  
The latch u_cpu/mem_stage/writedata_reg[10] cannot be properly analyzed as its control pin u_cpu/mem_stage/writedata_reg[10]/G is not reached by a timing clock
Related violations: <none>

TIMING-20#165 Warning
Non-clocked latch  
The latch u_cpu/mem_stage/writedata_reg[11] cannot be properly analyzed as its control pin u_cpu/mem_stage/writedata_reg[11]/G is not reached by a timing clock
Related violations: <none>

TIMING-20#166 Warning
Non-clocked latch  
The latch u_cpu/mem_stage/writedata_reg[12] cannot be properly analyzed as its control pin u_cpu/mem_stage/writedata_reg[12]/G is not reached by a timing clock
Related violations: <none>

TIMING-20#167 Warning
Non-clocked latch  
The latch u_cpu/mem_stage/writedata_reg[13] cannot be properly analyzed as its control pin u_cpu/mem_stage/writedata_reg[13]/G is not reached by a timing clock
Related violations: <none>

TIMING-20#168 Warning
Non-clocked latch  
The latch u_cpu/mem_stage/writedata_reg[14] cannot be properly analyzed as its control pin u_cpu/mem_stage/writedata_reg[14]/G is not reached by a timing clock
Related violations: <none>

TIMING-20#169 Warning
Non-clocked latch  
The latch u_cpu/mem_stage/writedata_reg[15] cannot be properly analyzed as its control pin u_cpu/mem_stage/writedata_reg[15]/G is not reached by a timing clock
Related violations: <none>

TIMING-20#170 Warning
Non-clocked latch  
The latch u_cpu/mem_stage/writedata_reg[16] cannot be properly analyzed as its control pin u_cpu/mem_stage/writedata_reg[16]/G is not reached by a timing clock
Related violations: <none>

TIMING-20#171 Warning
Non-clocked latch  
The latch u_cpu/mem_stage/writedata_reg[17] cannot be properly analyzed as its control pin u_cpu/mem_stage/writedata_reg[17]/G is not reached by a timing clock
Related violations: <none>

TIMING-20#172 Warning
Non-clocked latch  
The latch u_cpu/mem_stage/writedata_reg[18] cannot be properly analyzed as its control pin u_cpu/mem_stage/writedata_reg[18]/G is not reached by a timing clock
Related violations: <none>

TIMING-20#173 Warning
Non-clocked latch  
The latch u_cpu/mem_stage/writedata_reg[19] cannot be properly analyzed as its control pin u_cpu/mem_stage/writedata_reg[19]/G is not reached by a timing clock
Related violations: <none>

TIMING-20#174 Warning
Non-clocked latch  
The latch u_cpu/mem_stage/writedata_reg[1] cannot be properly analyzed as its control pin u_cpu/mem_stage/writedata_reg[1]/G is not reached by a timing clock
Related violations: <none>

TIMING-20#175 Warning
Non-clocked latch  
The latch u_cpu/mem_stage/writedata_reg[20] cannot be properly analyzed as its control pin u_cpu/mem_stage/writedata_reg[20]/G is not reached by a timing clock
Related violations: <none>

TIMING-20#176 Warning
Non-clocked latch  
The latch u_cpu/mem_stage/writedata_reg[21] cannot be properly analyzed as its control pin u_cpu/mem_stage/writedata_reg[21]/G is not reached by a timing clock
Related violations: <none>

TIMING-20#177 Warning
Non-clocked latch  
The latch u_cpu/mem_stage/writedata_reg[22] cannot be properly analyzed as its control pin u_cpu/mem_stage/writedata_reg[22]/G is not reached by a timing clock
Related violations: <none>

TIMING-20#178 Warning
Non-clocked latch  
The latch u_cpu/mem_stage/writedata_reg[23] cannot be properly analyzed as its control pin u_cpu/mem_stage/writedata_reg[23]/G is not reached by a timing clock
Related violations: <none>

TIMING-20#179 Warning
Non-clocked latch  
The latch u_cpu/mem_stage/writedata_reg[24] cannot be properly analyzed as its control pin u_cpu/mem_stage/writedata_reg[24]/G is not reached by a timing clock
Related violations: <none>

TIMING-20#180 Warning
Non-clocked latch  
The latch u_cpu/mem_stage/writedata_reg[25] cannot be properly analyzed as its control pin u_cpu/mem_stage/writedata_reg[25]/G is not reached by a timing clock
Related violations: <none>

TIMING-20#181 Warning
Non-clocked latch  
The latch u_cpu/mem_stage/writedata_reg[26] cannot be properly analyzed as its control pin u_cpu/mem_stage/writedata_reg[26]/G is not reached by a timing clock
Related violations: <none>

TIMING-20#182 Warning
Non-clocked latch  
The latch u_cpu/mem_stage/writedata_reg[27] cannot be properly analyzed as its control pin u_cpu/mem_stage/writedata_reg[27]/G is not reached by a timing clock
Related violations: <none>

TIMING-20#183 Warning
Non-clocked latch  
The latch u_cpu/mem_stage/writedata_reg[28] cannot be properly analyzed as its control pin u_cpu/mem_stage/writedata_reg[28]/G is not reached by a timing clock
Related violations: <none>

TIMING-20#184 Warning
Non-clocked latch  
The latch u_cpu/mem_stage/writedata_reg[29] cannot be properly analyzed as its control pin u_cpu/mem_stage/writedata_reg[29]/G is not reached by a timing clock
Related violations: <none>

TIMING-20#185 Warning
Non-clocked latch  
The latch u_cpu/mem_stage/writedata_reg[2] cannot be properly analyzed as its control pin u_cpu/mem_stage/writedata_reg[2]/G is not reached by a timing clock
Related violations: <none>

TIMING-20#186 Warning
Non-clocked latch  
The latch u_cpu/mem_stage/writedata_reg[30] cannot be properly analyzed as its control pin u_cpu/mem_stage/writedata_reg[30]/G is not reached by a timing clock
Related violations: <none>

TIMING-20#187 Warning
Non-clocked latch  
The latch u_cpu/mem_stage/writedata_reg[31] cannot be properly analyzed as its control pin u_cpu/mem_stage/writedata_reg[31]/G is not reached by a timing clock
Related violations: <none>

TIMING-20#188 Warning
Non-clocked latch  
The latch u_cpu/mem_stage/writedata_reg[3] cannot be properly analyzed as its control pin u_cpu/mem_stage/writedata_reg[3]/G is not reached by a timing clock
Related violations: <none>

TIMING-20#189 Warning
Non-clocked latch  
The latch u_cpu/mem_stage/writedata_reg[4] cannot be properly analyzed as its control pin u_cpu/mem_stage/writedata_reg[4]/G is not reached by a timing clock
Related violations: <none>

TIMING-20#190 Warning
Non-clocked latch  
The latch u_cpu/mem_stage/writedata_reg[5] cannot be properly analyzed as its control pin u_cpu/mem_stage/writedata_reg[5]/G is not reached by a timing clock
Related violations: <none>

TIMING-20#191 Warning
Non-clocked latch  
The latch u_cpu/mem_stage/writedata_reg[6] cannot be properly analyzed as its control pin u_cpu/mem_stage/writedata_reg[6]/G is not reached by a timing clock
Related violations: <none>

TIMING-20#192 Warning
Non-clocked latch  
The latch u_cpu/mem_stage/writedata_reg[7] cannot be properly analyzed as its control pin u_cpu/mem_stage/writedata_reg[7]/G is not reached by a timing clock
Related violations: <none>

TIMING-20#193 Warning
Non-clocked latch  
The latch u_cpu/mem_stage/writedata_reg[8] cannot be properly analyzed as its control pin u_cpu/mem_stage/writedata_reg[8]/G is not reached by a timing clock
Related violations: <none>

TIMING-20#194 Warning
Non-clocked latch  
The latch u_cpu/mem_stage/writedata_reg[9] cannot be properly analyzed as its control pin u_cpu/mem_stage/writedata_reg[9]/G is not reached by a timing clock
Related violations: <none>

XDCC-1#1 Warning
Scoped Clock constraint overwritten with the same name  
A new clock constraint create_clock overrides a previous scoped clock constraint with the same name. It is not recommended to override a scoped (typically an IP) clock constraint and could result in unexpected behaviors.
New: create_clock -period 10.000 -name clk -waveform {0.000 5.000} [get_ports clk] (Source: C:/Users/lvyuf/VivadoProjects/nscscc_2018/soc_axi_func/run_vivado/soc_lite.xdc (Line: 5))
Previous: create_clock -period 10.000 [get_ports clk] (Source: c:/Users/lvyuf/VivadoProjects/nscscc_2018/soc_axi_func/rtl/xilinx_ip/clk_pll/clk_pll.xdc (Line: 56))
Related violations: <none>

XDCC-7#1 Warning
Scoped Clock constraint overwritten on the same source  
A new clock constraint create_clock overrides a previous scoped clock constraint defined on the same source. It is not recommended to override a scoped (typically an IP) clock constraint and could result in unexpected behaviors.
New: create_clock -period 10.000 -name clk -waveform {0.000 5.000} [get_ports clk] (Source: C:/Users/lvyuf/VivadoProjects/nscscc_2018/soc_axi_func/run_vivado/soc_lite.xdc (Line: 5))
Previous: create_clock -period 10.000 [get_ports clk] (Source: c:/Users/lvyuf/VivadoProjects/nscscc_2018/soc_axi_func/rtl/xilinx_ip/clk_pll/clk_pll.xdc (Line: 56))
Related violations: <none>


